#
# There is insufficient memory for the Java Runtime Environment to continue.
# Native memory allocation (malloc) failed to allocate 65552 bytes for Chunk::new
# Possible reasons:
#   The system is out of physical RAM or swap space
#   In 32 bit mode, the process size limit was hit
# Possible solutions:
#   Reduce memory load on the system
#   Increase physical memory or swap space
#   Check if swap backing store is full
#   Use 64 bit Java on a 64 bit OS
#   Decrease Java heap size (-Xmx/-Xms)
#   Decrease number of Java threads
#   Decrease Java thread stack sizes (-Xss)
#   Set larger code cache with -XX:ReservedCodeCacheSize=
# This output file may be truncated or incomplete.
#
#  Out of Memory Error (allocation.cpp:390), pid=14068, tid=0x0000000000000fa4
#
# JRE version: Java(TM) SE Runtime Environment (8.0_181-b13) (build 1.8.0_181-b13)
# Java VM: Java HotSpot(TM) 64-Bit Server VM (25.181-b13 mixed mode windows-amd64 compressed oops)
# Failed to write core dump. Minidumps are not enabled by default on client versions of Windows
#

---------------  T H R E A D  ---------------

Current thread (0x000000001eb94800):  JavaThread "C2 CompilerThread2" daemon [_thread_in_native, id=4004, stack(0x000000001f710000,0x000000001f810000)]

Stack: [0x000000001f710000,0x000000001f810000]
[error occurred during error reporting (printing stack bounds), id 0xc0000005]

Native frames: (J=compiled Java code, j=interpreted, Vv=VM code, C=native code)


Current CompileTask:
C2:   6003 2966       4       org.springframework.beans.factory.support.AbstractBeanFactory::isTypeMatch (607 bytes)


---------------  P R O C E S S  ---------------

Java Threads: ( => current thread )
  0x0000000023e42000 JavaThread "lettuce-timer-3-1" daemon [_thread_blocked, id=18748, stack(0x0000000026930000,0x0000000026a30000)]
  0x000000001ebd3000 JavaThread "Service Thread" daemon [_thread_blocked, id=21116, stack(0x000000001f910000,0x000000001fa10000)]
  0x000000001eb95000 JavaThread "C1 CompilerThread3" daemon [_thread_blocked, id=20608, stack(0x000000001f810000,0x000000001f910000)]
=>0x000000001eb94800 JavaThread "C2 CompilerThread2" daemon [_thread_in_native, id=4004, stack(0x000000001f710000,0x000000001f810000)]
  0x000000001eb93800 JavaThread "C2 CompilerThread1" daemon [_thread_in_native, id=23412, stack(0x000000001f610000,0x000000001f710000)]
  0x000000001eb8e000 JavaThread "C2 CompilerThread0" daemon [_thread_in_native, id=13792, stack(0x000000001f510000,0x000000001f610000)]
  0x000000001eb61000 JavaThread "JDWP Command Reader" daemon [_thread_in_native, id=4540, stack(0x000000001f410000,0x000000001f510000)]
  0x000000001eb60000 JavaThread "JDWP Event Helper Thread" daemon [_thread_blocked, id=16724, stack(0x000000001f310000,0x000000001f410000)]
  0x000000001eb53800 JavaThread "JDWP Transport Listener: dt_socket" daemon [_thread_blocked, id=22660, stack(0x000000001f210000,0x000000001f310000)]
  0x000000001eb47800 JavaThread "Attach Listener" daemon [_thread_blocked, id=5196, stack(0x000000001f110000,0x000000001f210000)]
  0x000000001eaf2800 JavaThread "Signal Dispatcher" daemon [_thread_blocked, id=1740, stack(0x000000001f010000,0x000000001f110000)]
  0x000000001ead0800 JavaThread "Finalizer" daemon [_thread_blocked, id=4784, stack(0x000000001eeb0000,0x000000001efb0000)]
  0x000000001cbee000 JavaThread "Reference Handler" daemon [_thread_blocked, id=19596, stack(0x000000001e9b0000,0x000000001eab0000)]
  0x0000000002f88800 JavaThread "main" [_thread_in_vm, id=19520, stack(0x0000000002e80000,0x0000000002f80000)]

Other Threads:
  0x000000001cbe6800 VMThread [stack: 0x000000001e8b0000,0x000000001e9b0000] [id=23128]
  0x000000001ec82000 WatcherThread [stack: 0x000000001fa10000,0x000000001fb10000] [id=1292]

VM state:not at safepoint (normal execution)

VM Mutex/Monitor currently owned by a thread:  ([mutex/lock_event])
[0x0000000002f86470] MethodData_lock - owner thread: 0x0000000000000000

Heap:
 PSYoungGen      total 197120K, used 53861K [0x000000076b400000, 0x0000000779f00000, 0x00000007c0000000)
  eden space 184832K, 29% used [0x000000076b400000,0x000000076e8994b8,0x0000000776880000)
  from space 12288K, 0% used [0x0000000777480000,0x0000000777480000,0x0000000778080000)
  to   space 12288K, 0% used [0x0000000776880000,0x0000000776880000,0x0000000777480000)
 ParOldGen       total 127488K, used 9899K [0x00000006c1c00000, 0x00000006c9880000, 0x000000076b400000)
  object space 127488K, 7% used [0x00000006c1c00000,0x00000006c25aadd8,0x00000006c9880000)
 Metaspace       used 35916K, capacity 38768K, committed 38832K, reserved 1083392K
  class space    used 4793K, capacity 5284K, committed 5296K, reserved 1048576K

Card table byte_map: [0x0000000012540000,0x0000000012d40000] byte_map_base: 0x000000000ef32000

Marking Bits: (ParMarkBitMap*) 0x0000000075322d00
 Begin Bits: [0x0000000013a90000, 0x0000000017a20000)
 End Bits:   [0x0000000017a20000, 0x000000001b9b0000)

Polling page: 0x0000000002970000

CodeCache: size=245760Kb used=11602Kb max_used=11602Kb free=234157Kb
 bounds [0x0000000003180000, 0x0000000003ce0000, 0x0000000012180000]
 total_blobs=3533 nmethods=3122 adapters=331
 compilation: enabled

Compilation events (10 events):
Event: 5.963 Thread 0x000000001eb95000 3109       3       org.springframework.core.annotation.AnnotationsScanner::processMethodAnnotations (98 bytes)
Event: 5.964 Thread 0x000000001eb95000 nmethod 3109 0x0000000003cc9f90 code [0x0000000003cca160, 0x0000000003cca838]
Event: 5.964 Thread 0x000000001eb95000 3110       3       org.springframework.beans.factory.annotation.AutowiredAnnotationBeanPostProcessor$$Lambda$626/1058553002::doWith (13 bytes)
Event: 5.964 Thread 0x000000001eb95000 nmethod 3110 0x0000000003ccab50 code [0x0000000003ccacc0, 0x0000000003ccae68]
Event: 5.964 Thread 0x000000001eb95000 3111   !   3       org.springframework.beans.factory.annotation.AutowiredAnnotationBeanPostProcessor::lambda$determineCandidateConstructors$0 (89 bytes)
Event: 5.965 Thread 0x000000001eb95000 nmethod 3111 0x0000000003ccaf50 code [0x0000000003ccb200, 0x0000000003ccc438]
Event: 5.971 Thread 0x000000001eb95000 3112       1       org.springframework.boot.autoconfigure.SharedMetadataReaderFactoryContextInitializer$SharedMetadataReaderFactoryBean::getObjectType (3 bytes)
Event: 5.971 Thread 0x000000001eb95000 nmethod 3112 0x0000000003ccced0 code [0x0000000003ccd020, 0x0000000003ccd130]
Event: 5.972 Thread 0x000000001eb95000 3113       3       org.springframework.util.ReflectionUtils::findMethod (109 bytes)
Event: 5.974 Thread 0x000000001eb95000 nmethod 3113 0x0000000003ccd190 code [0x0000000003ccd420, 0x0000000003cce3f8]

GC Heap History (10 events):
Event: 3.099 GC heap before
{Heap before GC invocations=4 (full 1):
 PSYoungGen      total 76288K, used 6268K [0x000000076b400000, 0x0000000774900000, 0x00000007c0000000)
  eden space 65536K, 0% used [0x000000076b400000,0x000000076b400000,0x000000076f400000)
  from space 10752K, 58% used [0x000000076f400000,0x000000076fa1f000,0x000000076fe80000)
  to   space 10752K, 0% used [0x0000000773e80000,0x0000000773e80000,0x0000000774900000)
 ParOldGen       total 175104K, used 40K [0x00000006c1c00000, 0x00000006cc700000, 0x000000076b400000)
  object space 175104K, 0% used [0x00000006c1c00000,0x00000006c1c0a000,0x00000006cc700000)
 Metaspace       used 19663K, capacity 21226K, committed 21296K, reserved 1067008K
  class space    used 2535K, capacity 2829K, committed 2864K, reserved 1048576K
Event: 3.132 GC heap after
Heap after GC invocations=4 (full 1):
 PSYoungGen      total 76288K, used 0K [0x000000076b400000, 0x0000000774900000, 0x00000007c0000000)
  eden space 65536K, 0% used [0x000000076b400000,0x000000076b400000,0x000000076f400000)
  from space 10752K, 0% used [0x000000076f400000,0x000000076f400000,0x000000076fe80000)
  to   space 10752K, 0% used [0x0000000773e80000,0x0000000773e80000,0x0000000774900000)
 ParOldGen       total 91648K, used 6063K [0x00000006c1c00000, 0x00000006c7580000, 0x000000076b400000)
  object space 91648K, 6% used [0x00000006c1c00000,0x00000006c21ebe50,0x00000006c7580000)
 Metaspace       used 19663K, capacity 21226K, committed 21296K, reserved 1067008K
  class space    used 2535K, capacity 2829K, committed 2864K, reserved 1048576K
}
Event: 3.570 GC heap before
{Heap before GC invocations=5 (full 1):
 PSYoungGen      total 76288K, used 65536K [0x000000076b400000, 0x0000000774900000, 0x00000007c0000000)
  eden space 65536K, 100% used [0x000000076b400000,0x000000076f400000,0x000000076f400000)
  from space 10752K, 0% used [0x000000076f400000,0x000000076f400000,0x000000076fe80000)
  to   space 10752K, 0% used [0x0000000773e80000,0x0000000773e80000,0x0000000774900000)
 ParOldGen       total 91648K, used 6063K [0x00000006c1c00000, 0x00000006c7580000, 0x000000076b400000)
  object space 91648K, 6% used [0x00000006c1c00000,0x00000006c21ebe50,0x00000006c7580000)
 Metaspace       used 24083K, capacity 25804K, committed 26032K, reserved 1071104K
  class space    used 3122K, capacity 3464K, committed 3504K, reserved 1048576K
Event: 3.581 GC heap after
Heap after GC invocations=5 (full 1):
 PSYoungGen      total 118272K, used 6187K [0x000000076b400000, 0x0000000774500000, 0x00000007c0000000)
  eden space 111616K, 0% used [0x000000076b400000,0x000000076b400000,0x0000000772100000)
  from space 6656K, 92% used [0x0000000773e80000,0x000000077448afe8,0x0000000774500000)
  to   space 10752K, 0% used [0x0000000773000000,0x0000000773000000,0x0000000773a80000)
 ParOldGen       total 91648K, used 6071K [0x00000006c1c00000, 0x00000006c7580000, 0x000000076b400000)
  object space 91648K, 6% used [0x00000006c1c00000,0x00000006c21ede50,0x00000006c7580000)
 Metaspace       used 24083K, capacity 25804K, committed 26032K, reserved 1071104K
  class space    used 3122K, capacity 3464K, committed 3504K, reserved 1048576K
}
Event: 5.225 GC heap before
{Heap before GC invocations=6 (full 1):
 PSYoungGen      total 118272K, used 117803K [0x000000076b400000, 0x0000000774500000, 0x00000007c0000000)
  eden space 111616K, 100% used [0x000000076b400000,0x0000000772100000,0x0000000772100000)
  from space 6656K, 92% used [0x0000000773e80000,0x000000077448afe8,0x0000000774500000)
  to   space 10752K, 0% used [0x0000000773000000,0x0000000773000000,0x0000000773a80000)
 ParOldGen       total 91648K, used 6071K [0x00000006c1c00000, 0x00000006c7580000, 0x000000076b400000)
  object space 91648K, 6% used [0x00000006c1c00000,0x00000006c21ede50,0x00000006c7580000)
 Metaspace       used 32284K, capacity 34550K, committed 34736K, reserved 1079296K
  class space    used 4309K, capacity 4727K, committed 4784K, reserved 1048576K
Event: 5.237 GC heap after
Heap after GC invocations=6 (full 1):
 PSYoungGen      total 137728K, used 10750K [0x000000076b400000, 0x0000000778080000, 0x00000007c0000000)
  eden space 126976K, 0% used [0x000000076b400000,0x000000076b400000,0x0000000773000000)
  from space 10752K, 99% used [0x0000000773000000,0x0000000773a7fac8,0x0000000773a80000)
  to   space 12288K, 0% used [0x0000000777480000,0x0000000777480000,0x0000000778080000)
 ParOldGen       total 91648K, used 7159K [0x00000006c1c00000, 0x00000006c7580000, 0x000000076b400000)
  object space 91648K, 7% used [0x00000006c1c00000,0x00000006c22fdd18,0x00000006c7580000)
 Metaspace       used 32284K, capacity 34550K, committed 34736K, reserved 1079296K
  class space    used 4309K, capacity 4727K, committed 4784K, reserved 1048576K
}
Event: 5.359 GC heap before
{Heap before GC invocations=7 (full 1):
 PSYoungGen      total 137728K, used 20996K [0x000000076b400000, 0x0000000778080000, 0x00000007c0000000)
  eden space 126976K, 8% used [0x000000076b400000,0x000000076be018e0,0x0000000773000000)
  from space 10752K, 99% used [0x0000000773000000,0x0000000773a7fac8,0x0000000773a80000)
  to   space 12288K, 0% used [0x0000000777480000,0x0000000777480000,0x0000000778080000)
 ParOldGen       total 91648K, used 7159K [0x00000006c1c00000, 0x00000006c7580000, 0x000000076b400000)
  object space 91648K, 7% used [0x00000006c1c00000,0x00000006c22fdd18,0x00000006c7580000)
 Metaspace       used 33078K, capacity 35382K, committed 35496K, reserved 1079296K
  class space    used 4422K, capacity 4859K, committed 4912K, reserved 1048576K
Event: 5.365 GC heap after
Heap after GC invocations=7 (full 1):
 PSYoungGen      total 197120K, used 5359K [0x000000076b400000, 0x0000000779f00000, 0x00000007c0000000)
  eden space 184832K, 0% used [0x000000076b400000,0x000000076b400000,0x0000000776880000)
  from space 12288K, 43% used [0x0000000777480000,0x00000007779bbdd0,0x0000000778080000)
  to   space 12288K, 0% used [0x0000000776880000,0x0000000776880000,0x0000000777480000)
 ParOldGen       total 91648K, used 7167K [0x00000006c1c00000, 0x00000006c7580000, 0x000000076b400000)
  object space 91648K, 7% used [0x00000006c1c00000,0x00000006c22ffd18,0x00000006c7580000)
 Metaspace       used 33078K, capacity 35382K, committed 35496K, reserved 1079296K
  class space    used 4422K, capacity 4859K, committed 4912K, reserved 1048576K
}
Event: 5.365 GC heap before
{Heap before GC invocations=8 (full 2):
 PSYoungGen      total 197120K, used 5359K [0x000000076b400000, 0x0000000779f00000, 0x00000007c0000000)
  eden space 184832K, 0% used [0x000000076b400000,0x000000076b400000,0x0000000776880000)
  from space 12288K, 43% used [0x0000000777480000,0x00000007779bbdd0,0x0000000778080000)
  to   space 12288K, 0% used [0x0000000776880000,0x0000000776880000,0x0000000777480000)
 ParOldGen       total 91648K, used 7167K [0x00000006c1c00000, 0x00000006c7580000, 0x000000076b400000)
  object space 91648K, 7% used [0x00000006c1c00000,0x00000006c22ffd18,0x00000006c7580000)
 Metaspace       used 33078K, capacity 35382K, committed 35496K, reserved 1079296K
  class space    used 4422K, capacity 4859K, committed 4912K, reserved 1048576K
Event: 5.404 GC heap after
Heap after GC invocations=8 (full 2):
 PSYoungGen      total 197120K, used 0K [0x000000076b400000, 0x0000000779f00000, 0x00000007c0000000)
  eden space 184832K, 0% used [0x000000076b400000,0x000000076b400000,0x0000000776880000)
  from space 12288K, 0% used [0x0000000777480000,0x0000000777480000,0x0000000778080000)
  to   space 12288K, 0% used [0x0000000776880000,0x0000000776880000,0x0000000777480000)
 ParOldGen       total 127488K, used 9899K [0x00000006c1c00000, 0x00000006c9880000, 0x000000076b400000)
  object space 127488K, 7% used [0x00000006c1c00000,0x00000006c25aadd8,0x00000006c9880000)
 Metaspace       used 33078K, capacity 35382K, committed 35496K, reserved 1079296K
  class space    used 4422K, capacity 4859K, committed 4912K, reserved 1048576K
}

Deoptimization events (10 events):
Event: 4.631 Thread 0x0000000002f88800 Uncommon trap: reason=unstable_if action=reinterpret pc=0x0000000003a56024 method=java.util.WeakHashMap.remove(Ljava/lang/Object;)Ljava/lang/Object; @ 94
Event: 4.807 Thread 0x0000000002f88800 Uncommon trap: reason=class_check action=maybe_recompile pc=0x00000000036f7eac method=org.springframework.boot.context.properties.source.ConfigurationPropertyName$Elements.charAt(II)C @ 43
Event: 4.807 Thread 0x0000000002f88800 Uncommon trap: reason=class_check action=maybe_recompile pc=0x00000000036f7eac method=org.springframework.boot.context.properties.source.ConfigurationPropertyName$Elements.charAt(II)C @ 43
Event: 4.935 Thread 0x0000000002f88800 Uncommon trap: reason=unstable_if action=reinterpret pc=0x00000000037450e8 method=java.io.WinNTFileSystem.isLetter(C)Z @ 3
Event: 4.936 Thread 0x0000000002f88800 Uncommon trap: reason=unstable_if action=reinterpret pc=0x00000000037a89bc method=java.io.WinNTFileSystem.prefixLength(Ljava/lang/String;)I @ 42
Event: 5.204 Thread 0x0000000002f88800 Uncommon trap: reason=unstable_if action=reinterpret pc=0x0000000003ae31cc method=java.lang.reflect.Method.equals(Ljava/lang/Object;)Z @ 49
Event: 5.337 Thread 0x0000000002f88800 Uncommon trap: reason=unstable_if action=reinterpret pc=0x0000000003b37ffc method=java.lang.invoke.MethodType.checkPtypes([Ljava/lang/Class;)I @ 40
Event: 5.404 Thread 0x000000001ead0800 Uncommon trap: reason=unstable_if action=reinterpret pc=0x0000000003bb6034 method=java.lang.ref.Finalizer.remove()V @ 10
Event: 5.655 Thread 0x0000000002f88800 Uncommon trap: reason=unstable_if action=reinterpret pc=0x00000000037ecc5c method=java.util.Properties$LineReader.readLine()I @ 228
Event: 5.655 Thread 0x0000000002f88800 Uncommon trap: reason=unstable_if action=reinterpret pc=0x00000000037c421c method=java.util.Properties$LineReader.readLine()I @ 349

Classes redefined (0 events):
No events

Internal exceptions (10 events):
Event: 5.952 Thread 0x0000000002f88800 Exception <a 'java/lang/ClassNotFoundException': org/springframework/web/servlet/HandlerExceptionResolverCustomizer> (0x000000076e3653b8) thrown at [C:\re\workspace\8-2-build-windows-amd64-cygwin\jdk8u181\11358\hotspot\src\share\vm\classfile\systemDiction
Event: 5.953 Thread 0x0000000002f88800 Exception <a 'java/lang/ClassNotFoundException': org/springframework/core/OrderedCustomizer> (0x000000076e37c548) thrown at [C:\re\workspace\8-2-build-windows-amd64-cygwin\jdk8u181\11358\hotspot\src\share\vm\classfile\systemDictionary.cpp, line 210]
Event: 5.960 Thread 0x0000000002f88800 Exception <a 'java/lang/ClassNotFoundException': java/lang/ObjectCustomizer> (0x000000076e3f68c0) thrown at [C:\re\workspace\8-2-build-windows-amd64-cygwin\jdk8u181\11358\hotspot\src\share\vm\classfile\systemDictionary.cpp, line 210]
Event: 5.961 Thread 0x0000000002f88800 Exception <a 'java/lang/ClassNotFoundException': org/springframework/boot/autoconfigure/web/servlet/error/AbstractErrorControllerCustomizer> (0x000000076e41ecc8) thrown at [C:\re\workspace\8-2-build-windows-amd64-cygwin\jdk8u181\11358\hotspot\src\share\vm
Event: 5.962 Thread 0x0000000002f88800 Exception <a 'java/lang/ClassNotFoundException': org/springframework/boot/autoconfigure/web/servlet/error/BasicErrorControllerCustomizer> (0x000000076e444400) thrown at [C:\re\workspace\8-2-build-windows-amd64-cygwin\jdk8u181\11358\hotspot\src\share\vm\cl
Event: 5.963 Thread 0x0000000002f88800 Exception <a 'java/lang/ClassNotFoundException': org/springframework/boot/web/servlet/error/ErrorControllerCustomizer> (0x000000076e46aa28) thrown at [C:\re\workspace\8-2-build-windows-amd64-cygwin\jdk8u181\11358\hotspot\src\share\vm\classfile\systemDicti
Event: 5.973 Thread 0x0000000002f88800 Exception <a 'java/lang/ClassNotFoundException': java/lang/ObjectCustomizer> (0x000000076e542180) thrown at [C:\re\workspace\8-2-build-windows-amd64-cygwin\jdk8u181\11358\hotspot\src\share\vm\classfile\systemDictionary.cpp, line 210]
Event: 5.974 Thread 0x0000000002f88800 Exception <a 'java/lang/ClassNotFoundException': org/springframework/web/servlet/config/annotation/WebMvcConfigurationSupportCustomizer> (0x000000076e5697a0) thrown at [C:\re\workspace\8-2-build-windows-amd64-cygwin\jdk8u181\11358\hotspot\src\share\vm\cla
Event: 5.975 Thread 0x0000000002f88800 Exception <a 'java/lang/ClassNotFoundException': org/springframework/web/servlet/config/annotation/DelegatingWebMvcConfigurationCustomizer> (0x000000076e5a6cd8) thrown at [C:\re\workspace\8-2-build-windows-amd64-cygwin\jdk8u181\11358\hotspot\src\share\vm\
Event: 5.976 Thread 0x0000000002f88800 Exception <a 'java/lang/ClassNotFoundException': org/springframework/boot/autoconfigure/web/servlet/WebMvcAutoConfiguration$EnableWebMvcConfigurationCustomizer> (0x000000076e5d7d70) thrown at [C:\re\workspace\8-2-build-windows-amd64-cygwin\jdk8u181\11358\

Events (10 events):
Event: 5.976 loading class org/springframework/boot/autoconfigure/web/servlet/WebMvcAutoConfiguration$EnableWebMvcConfigurationCustomizer
Event: 5.976 loading class org/springframework/boot/autoconfigure/web/servlet/WebMvcAutoConfiguration$EnableWebMvcConfigurationCustomizer done
Event: 5.976 Thread 0x0000000002f88800 DEOPT PACKING pc=0x0000000003c56f00 sp=0x0000000002f7ad80
Event: 5.976 Thread 0x0000000002f88800 DEOPT UNPACKING pc=0x00000000031c7890 sp=0x0000000002f7aa78 mode 1
Event: 5.976 Thread 0x0000000002f88800 DEOPT PACKING pc=0x000000000345d4ac sp=0x0000000002f7b6e0
Event: 5.976 Thread 0x0000000002f88800 DEOPT UNPACKING pc=0x00000000031c7890 sp=0x0000000002f7b458 mode 1
Event: 5.976 loading class org/springframework/boot/autoconfigure/web/servlet/WebMvcAutoConfiguration$EnableWebMvcConfigurationCustomizer
Event: 5.976 loading class org/springframework/boot/autoconfigure/web/servlet/WebMvcAutoConfiguration$EnableWebMvcConfigurationCustomizer done
Event: 5.976 Thread 0x0000000002f88800 DEOPT PACKING pc=0x000000000394761c sp=0x0000000002f7b720
Event: 5.976 Thread 0x0000000002f88800 DEOPT UNPACKING pc=0x00000000031c7890 sp=0x0000000002f7b478 mode 1


Dynamic libraries:
0x00007ff7b04f0000 - 0x00007ff7b0527000 	C:\Program Files\Java\jdk1.8.0_181\bin\java.exe
0x00007ff88a650000 - 0x00007ff88a848000 	C:\WINDOWS\SYSTEM32\ntdll.dll
0x00007ff8896d0000 - 0x00007ff88978f000 	C:\WINDOWS\System32\KERNEL32.DLL
0x00007ff888050000 - 0x00007ff888322000 	C:\WINDOWS\System32\KERNELBASE.dll
0x00007ff88a560000 - 0x00007ff88a60e000 	C:\WINDOWS\System32\ADVAPI32.dll
0x00007ff889370000 - 0x00007ff88940e000 	C:\WINDOWS\System32\msvcrt.dll
0x00007ff889630000 - 0x00007ff8896cc000 	C:\WINDOWS\System32\sechost.dll
0x00007ff8886f0000 - 0x00007ff888815000 	C:\WINDOWS\System32\RPCRT4.dll
0x00007ff888820000 - 0x00007ff8889c1000 	C:\WINDOWS\System32\USER32.dll
0x00007ff888570000 - 0x00007ff888592000 	C:\WINDOWS\System32\win32u.dll
0x00007ff889410000 - 0x00007ff88943b000 	C:\WINDOWS\System32\GDI32.dll
0x00007ff887d40000 - 0x00007ff887e4f000 	C:\WINDOWS\System32\gdi32full.dll
0x00007ff8885a0000 - 0x00007ff88863d000 	C:\WINDOWS\System32\msvcp_win.dll
0x00007ff888470000 - 0x00007ff888570000 	C:\WINDOWS\System32\ucrtbase.dll
0x00007ff86de30000 - 0x00007ff86e0ca000 	C:\WINDOWS\WinSxS\amd64_microsoft.windows.common-controls_6595b64144ccf1df_6.0.19041.1110_none_60b5254171f9507e\COMCTL32.dll
0x00007ff8889f0000 - 0x00007ff888a22000 	C:\WINDOWS\System32\IMM32.DLL
0x00000000753b0000 - 0x0000000075482000 	C:\Program Files\Java\jdk1.8.0_181\jre\bin\msvcr100.dll
0x0000000074b00000 - 0x00000000753a2000 	C:\Program Files\Java\jdk1.8.0_181\jre\bin\server\jvm.dll
0x00007ff889960000 - 0x00007ff889968000 	C:\WINDOWS\System32\PSAPI.DLL
0x00007ff881b80000 - 0x00007ff881b8a000 	C:\WINDOWS\SYSTEM32\VERSION.dll
0x00007ff871f20000 - 0x00007ff871f47000 	C:\WINDOWS\SYSTEM32\WINMM.dll
0x00007ff882b10000 - 0x00007ff882b19000 	C:\WINDOWS\SYSTEM32\WSOCK32.dll
0x00007ff8892f0000 - 0x00007ff88935b000 	C:\WINDOWS\System32\WS2_32.dll
0x0000000074af0000 - 0x0000000074aff000 	C:\Program Files\Java\jdk1.8.0_181\jre\bin\verify.dll
0x0000000074ac0000 - 0x0000000074ae9000 	C:\Program Files\Java\jdk1.8.0_181\jre\bin\java.dll
0x0000000074710000 - 0x0000000074745000 	C:\Program Files\Java\jdk1.8.0_181\jre\bin\jdwp.dll
0x00000000749d0000 - 0x00000000749d8000 	C:\Program Files\Java\jdk1.8.0_181\jre\bin\npt.dll
0x00000000746e0000 - 0x0000000074703000 	C:\Program Files\Java\jdk1.8.0_181\jre\bin\instrument.dll
0x0000000074aa0000 - 0x0000000074ab6000 	C:\Program Files\Java\jdk1.8.0_181\jre\bin\zip.dll
0x00007ff888b10000 - 0x00007ff889254000 	C:\WINDOWS\System32\SHELL32.dll
0x00007ff885e00000 - 0x00007ff886592000 	C:\WINDOWS\SYSTEM32\windows.storage.dll
0x00007ff889970000 - 0x00007ff889cc5000 	C:\WINDOWS\System32\combase.dll
0x00007ff8877a0000 - 0x00007ff8877d0000 	C:\WINDOWS\SYSTEM32\Wldp.dll
0x00007ff889440000 - 0x00007ff8894ed000 	C:\WINDOWS\System32\SHCORE.dll
0x00007ff888690000 - 0x00007ff8886e5000 	C:\WINDOWS\System32\shlwapi.dll
0x00007ff887c80000 - 0x00007ff887c9f000 	C:\WINDOWS\SYSTEM32\profapi.dll
0x00000000749c0000 - 0x00000000749c9000 	C:\Program Files\Java\jdk1.8.0_181\jre\bin\dt_socket.dll
0x00007ff887420000 - 0x00007ff88748a000 	C:\WINDOWS\system32\mswsock.dll
0x0000000074a80000 - 0x0000000074a9a000 	C:\Program Files\Java\jdk1.8.0_181\jre\bin\net.dll
0x0000000074a60000 - 0x0000000074a71000 	C:\Program Files\Java\jdk1.8.0_181\jre\bin\nio.dll
0x00000000749a0000 - 0x00000000749ad000 	C:\Program Files\Java\jdk1.8.0_181\jre\bin\management.dll
0x00007ff86cb80000 - 0x00007ff86cb97000 	C:\WINDOWS\system32\napinsp.dll
0x00007ff86ca90000 - 0x00007ff86caab000 	C:\WINDOWS\system32\pnrpnsp.dll
0x00007ff8824f0000 - 0x00007ff882505000 	C:\WINDOWS\system32\wshbth.dll
0x00007ff8838b0000 - 0x00007ff8838cd000 	C:\WINDOWS\system32\NLAapi.dll
0x00007ff887110000 - 0x00007ff88714b000 	C:\WINDOWS\SYSTEM32\IPHLPAPI.DLL
0x00007ff887150000 - 0x00007ff88721a000 	C:\WINDOWS\SYSTEM32\DNSAPI.dll
0x00007ff888a30000 - 0x00007ff888a38000 	C:\WINDOWS\System32\NSI.dll
0x00007ff872fb0000 - 0x00007ff872fc2000 	C:\WINDOWS\System32\winrnr.dll
0x00007ff87fe50000 - 0x00007ff87fe5a000 	C:\Windows\System32\rasadhlp.dll
0x00007ff879020000 - 0x00007ff8790a0000 	C:\WINDOWS\System32\fwpuclnt.dll
0x00007ff888020000 - 0x00007ff888047000 	C:\WINDOWS\System32\bcrypt.dll

VM Arguments:
jvm_args: -agentlib:jdwp=transport=dt_socket,address=127.0.0.1:11689,suspend=y,server=n -ea -Didea.test.cyclic.buffer.size=1048576 -javaagent:D:\ChromeCoreDownloads\ideaIU-2022.2.win\plugins\java\lib\rt\debugger-agent.jar=file:/C:/Users/Administrator/AppData/Local/Temp/capture.props -Dfile.encoding=UTF-8 
java_command: com.intellij.rt.junit.JUnitStarter -ideVersion5 -junit5 com.daryl.RedisSpringDataApplicationTests
java_class_path (initial): C:\Users\Administrator\.m2\repository\org\junit\platform\junit-platform-launcher\1.8.2\junit-platform-launcher-1.8.2.jar;C:\Users\Administrator\.m2\repository\org\junit\platform\junit-platform-engine\1.8.2\junit-platform-engine-1.8.2.jar;C:\Users\Administrator\.m2\repository\org\opentest4j\opentest4j\1.2.0\opentest4j-1.2.0.jar;C:\Users\Administrator\.m2\repository\org\junit\platform\junit-platform-commons\1.8.2\junit-platform-commons-1.8.2.jar;C:\Users\Administrator\.m2\repository\org\apiguardian\apiguardian-api\1.1.2\apiguardian-api-1.1.2.jar;D:\ChromeCoreDownloads\ideaIU-2022.2.win\lib\idea_rt.jar;D:\ChromeCoreDownloads\ideaIU-2022.2.win\plugins\junit\lib\junit5-rt.jar;D:\ChromeCoreDownloads\ideaIU-2022.2.win\plugins\junit\lib\junit-rt.jar;C:\Program Files\Java\jdk1.8.0_181\jre\lib\charsets.jar;C:\Program Files\Java\jdk1.8.0_181\jre\lib\deploy.jar;C:\Program Files\Java\jdk1.8.0_181\jre\lib\ext\access-bridge-64.jar;C:\Program Files\Java\jdk1.8.0_181\jre\lib\ext\cldrdata.jar;C:\Program Files\Java\jdk1.8.0_181\jre\lib\ext\dnsns.jar;C:\Program Files\Java\jdk1.8.0_181\jre\lib\ext\jaccess.jar;C:\Program Files\Java\jdk1.8.0_181\jre\lib\ext\jfxrt.jar;C:\Program Files\Java\jdk1.8.0_181\jre\lib\ext\localedata.jar;C:\Program Files\Java\jdk1.8.0_181\jre\lib\ext\nashorn.jar;C:\Program Files\Java\jdk1.8.0_181\jre\lib\ext\sunec.jar;C:\Program Files\Java\jdk1.8.0_181\jre\lib\ext\sunjce_provider.jar;C:\Program Files\Java\jdk1.8.0_181\jre\lib\ext\sunmscapi.jar;C:\Program Files\Java\jdk1.8.0_181\jre\lib\ext\sunpkcs11.jar;C:\Program Files\Java\jdk1.8.0_181\jre\lib\ext\zipfs.jar;C:\Program Files\Java\jdk1.8.0_181\jre\lib\javaws.jar;C:\Program Files\Java\jdk1.8.0_181\jre\lib\jce.jar;C:\Program Files\Java\jdk1.8.0_181\jre\lib\jfr.jar;C:\Program Files\Java\jdk1.8.0_181\jre\lib\jfxswt.jar;C:\Program Files\Java\jdk1.8.0_181\jre\lib\jsse.jar;C:\Program Files\Java\jdk1.8.0_181\jre\lib\management-agent.jar;C:\Program Files\Java\jdk1.8.0_181\jre\lib\plugin.jar;C:\P
Launcher Type: SUN_STANDARD

Environment Variables:
JAVA_HOME=D:\Program Files\jdk-17.0.1
PATH=C:\Program Files (x86)\Common Files\Oracle\Java\javapath;C:\Windows\system32;C:\Windows;C:\Windows\System32\Wbem;C:\Windows\System32\WindowsPowerShell\v1.0\;C:\Program Files (x86)\NVIDIA Corporation\PhysX\Common;C:\WINDOWS\system32;C:\WINDOWS;C:\WINDOWS\System32\Wbem;C:\WINDOWS\System32\WindowsPowerShell\v1.0\;C:\WINDOWS\System32\OpenSSH\;E:\Software\;E:\eclipse安卓\adt-bundle-windows-x86_64-20140702\sdk\tools;D;\Maven_Repository\apache-maven-3.6.1\bin;C:\Program Files (x86)\Google\Chrome\Application;C:\Program Files (x86)\dotnet\;C:\Program Files\TortoiseGit\bin;D:\Program Files\jdk-17.0.1\bin;D:\Maven_Repository\apache-maven-3.6.1\bin;E:\Software\Git\cmd;D:\Program Files\node-v16.15.1-win-x64;D:\ChromeCoreDownloads\axis2-1.8.2-bin\axis2-1.8.2\bin;D:\Program Files\nodejs\;E:\Software\微信web开发者工具\dll;C:\Users\Administrator\AppData\Local\Microsoft\WindowsApps;E:\Software\ChromeCore;E:\Software\Microsoft VS Code\bin;C:\Users\Administrator\AppData\Roaming\npm
USERNAME=Administrator
OS=Windows_NT
PROCESSOR_IDENTIFIER=Intel64 Family 6 Model 158 Stepping 9, GenuineIntel



---------------  S Y S T E M  ---------------

OS: Windows 10.0 , 64 bit Build 19041 (10.0.19041.2364)

CPU:total 8 (initial active 8) (4 cores per cpu, 2 threads per core) family 6 model 158 stepping 9, cmov, cx8, fxsr, mmx, sse, sse2, sse3, ssse3, sse4.1, sse4.2, popcnt, avx, avx2, aes, clmul, erms, 3dnowpref, lzcnt, ht, tsc, tscinvbit, bmi1, bmi2, adx

Memory: 4k page, physical 16656144k(2888516k free), swap 18753296k(93512k free)

vm_info: Java HotSpot(TM) 64-Bit Server VM (25.181-b13) for windows-amd64 JRE (1.8.0_181-b13), built on Jul  7 2018 04:01:33 by "java_re" with MS VC++ 10.0 (VS2010)

time: Tue Jan 10 17:19:23 2023
elapsed time: 6 seconds (0d 0h 0m 6s)

